Vivado Simulator 2019.1
Copyright 1986-1999, 2001-2019 Xilinx, Inc. All Rights Reserved.
Running: D:/tools/xilinx/Vivado/2019.1/bin/unwrapped/win64.o/xelab.exe -wto 5d49eded299a42a0a257090021fd44c9 --incr --debug typical --relax --mt 2 -L xil_defaultlib -L xlconstant_v1_1_6 -L lib_cdc_v1_0_2 -L proc_sys_reset_v5_0_13 -L smartconnect_v1_0 -L axis_infrastructure_v1_1_0 -L axis_data_fifo_v2_0_1 -L unisims_ver -L unimacro_ver -L secureip -L xpm --snapshot sim_video_behav xil_defaultlib.sim_video xil_defaultlib.glbl -log elaborate.log 
Using 2 slave threads.
Starting static elaboration
WARNING: [VRFC 10-3091] actual bit length 1 differs from formal bit length 2 for port 's_axi_awid' [D:/xilinx_prj/xilinx_axi/zcu104/vdma.ip_user_files/bd/axi_vd/ip/axi_vd_s_axi_mm_0_0/sim/axi_vd_s_axi_mm_0_0.v:194]
WARNING: [VRFC 10-3091] actual bit length 1 differs from formal bit length 2 for port 's_axi_wuser' [D:/xilinx_prj/xilinx_axi/zcu104/vdma.ip_user_files/bd/axi_vd/ip/axi_vd_s_axi_mm_0_0/sim/axi_vd_s_axi_mm_0_0.v:210]
WARNING: [VRFC 10-3091] actual bit length 1 differs from formal bit length 2 for port 's_axi_arid' [D:/xilinx_prj/xilinx_axi/zcu104/vdma.ip_user_files/bd/axi_vd/ip/axi_vd_s_axi_mm_0_0/sim/axi_vd_s_axi_mm_0_0.v:218]
Completed static elaboration
Starting simulation data flow analysis
Completed simulation data flow analysis
Time Resolution for simulation is 1ps
Compiling package std.standard
Compiling package std.textio
Compiling package ieee.std_logic_1164
Compiling package ieee.numeric_std
Compiling package unisim.vcomponents
Compiling package ieee.vital_timing
Compiling package ieee.vital_primitives
Compiling package unisim.vpkg
Compiling package ieee.std_logic_arith
Compiling package synopsys.attributes
Compiling package ieee.std_logic_misc
Compiling package smartconnect_v1_0.sc_util_v1_0_4_pkg
Compiling module unisims_ver.IBUFDS
Compiling module unisims_ver.MMCME4_ADV(CLKIN1_PERIOD=3.333,C...
Compiling module unisims_ver.BUFG
Compiling module xil_defaultlib.clk_wiz_clk_wiz
Compiling module xil_defaultlib.clk_wiz
Compiling architecture fdre_v of entity unisim.FDRE [fdre_default]
Compiling architecture fdre_v of entity unisim.FDRE [\FDRE(init='1')\]
Compiling architecture fdr_v of entity unisim.FDR [fdr_default]
Compiling architecture implementation of entity lib_cdc_v1_0_2.cdc_sync [\cdc_sync(c_vector_width=2,c_mtb...]
Compiling architecture srl16e_v of entity unisim.SRL16E [\SRL16E(init="1111111111111111")...]
Compiling architecture srl16_v of entity unisim.SRL16 [\SRL16(init="1111111111111111")(...]
Compiling architecture imp of entity proc_sys_reset_v5_0_13.lpf [\lpf(c_ext_rst_width=4,c_aux_rst...]
Compiling architecture imp of entity proc_sys_reset_v5_0_13.upcnt_n [\upcnt_n(c_size=6)\]
Compiling architecture imp of entity proc_sys_reset_v5_0_13.sequence_psr [sequence_psr_default]
Compiling architecture imp of entity proc_sys_reset_v5_0_13.proc_sys_reset [\proc_sys_reset(c_family="zynqup...]
Compiling architecture axi_vd_proc_sys_reset_0_0_arch of entity xil_defaultlib.axi_vd_proc_sys_reset_0_0 [axi_vd_proc_sys_reset_0_0_defaul...]
Compiling module xil_defaultlib.s_axi_mm_v1_0_S_AXI(C_S_AXI_ID_W...
Compiling module xil_defaultlib.s_axi_mm_v1_0(C_S_AXI_ID_WIDTH=0...
Compiling module xil_defaultlib.axi_vd_s_axi_mm_0_0
Compiling module xlconstant_v1_1_6.xlconstant_v1_1_6_xlconstant(CON...
Compiling module xil_defaultlib.bd_17d7_one_0
Compiling architecture imp of entity proc_sys_reset_v5_0_13.lpf [\lpf(c_ext_rst_width=4,c_aux_rst...]
Compiling architecture imp of entity proc_sys_reset_v5_0_13.proc_sys_reset [\proc_sys_reset(c_family="zynqup...]
Compiling architecture bd_17d7_psr0_0_arch of entity xil_defaultlib.bd_17d7_psr0_0 [bd_17d7_psr0_0_default]
Compiling architecture bd_17d7_psr_aclk_0_arch of entity xil_defaultlib.bd_17d7_psr_aclk_0 [bd_17d7_psr_aclk_0_default]
Compiling architecture bd_17d7_psr_aclk1_0_arch of entity xil_defaultlib.bd_17d7_psr_aclk1_0 [bd_17d7_psr_aclk1_0_default]
Compiling architecture bd_17d7_psr_aclk2_0_arch of entity xil_defaultlib.bd_17d7_psr_aclk2_0 [bd_17d7_psr_aclk2_0_default]
Compiling module xil_defaultlib.clk_map_imp_1XOWIKN
Compiling module xil_defaultlib.bd_17d7_m00e_0
Compiling module xil_defaultlib.m00_exit_pipeline_imp_Z3AAK
Compiling module xpm.xpm_memory_base(MEMORY_TYPE=1,ME...
Compiling module xpm.xpm_memory_sdpram(MEMORY_SIZE=49...
Compiling module xpm.xpm_cdc_gray(DEST_SYNC_FF=3,INIT...
Compiling module xil_defaultlib.bd_17d7_m00arn_0
Compiling module xil_defaultlib.bd_17d7_m00awn_0
Compiling module xpm.xpm_memory_base(MEMORY_TYPE=1,ME...
Compiling module xpm.xpm_memory_sdpram(MEMORY_SIZE=60...
Compiling module xpm.xpm_memory_base(MEMORY_TYPE=1,ME...
Compiling module xpm.xpm_memory_sdpram(MEMORY_SIZE=19...
Compiling module xil_defaultlib.bd_17d7_m00bn_0
Compiling module xpm.xpm_memory_base(MEMORY_TYPE=1,ME...
Compiling module xpm.xpm_memory_sdpram(MEMORY_SIZE=16...
Compiling module xil_defaultlib.bd_17d7_m00rn_0
Compiling module xpm.xpm_memory_base(MEMORY_TYPE=1,ME...
Compiling module xpm.xpm_memory_sdpram(MEMORY_SIZE=4,...
Compiling module xpm.xpm_memory_base(MEMORY_TYPE=1,ME...
Compiling module xpm.xpm_memory_sdpram(MEMORY_SIZE=22...
Compiling module xil_defaultlib.bd_17d7_m00wn_0
Compiling module xil_defaultlib.m00_nodes_imp_N86A5S
Compiling module xil_defaultlib.bd_17d7_m00s2a_0
Compiling module xil_defaultlib.bd_17d7_s00a2s_0
Compiling module xil_defaultlib.bd_17d7_s00mmu_0
Compiling module xil_defaultlib.bd_17d7_s00sic_0
Compiling module xil_defaultlib.bd_17d7_s00tr_0
Compiling module xil_defaultlib.s00_entry_pipeline_imp_ZP7U8V
Compiling module xpm.xpm_memory_base(MEMORY_TYPE=1,ME...
Compiling module xpm.xpm_memory_sdpram(MEMORY_SIZE=57...
Compiling module xpm.xpm_memory_base(MEMORY_TYPE=1,ME...
Compiling module xpm.xpm_memory_sdpram(MEMORY_SIZE=44...
Compiling module xil_defaultlib.bd_17d7_sarn_0
Compiling module xil_defaultlib.bd_17d7_srn_0
Compiling module xil_defaultlib.s00_nodes_imp_15D3J5X
Compiling module xil_defaultlib.bd_17d7_s01a2s_0
Compiling module xil_defaultlib.bd_17d7_s01mmu_0
Compiling module xil_defaultlib.bd_17d7_s01sic_0
Compiling module xil_defaultlib.bd_17d7_s01tr_0
Compiling module xil_defaultlib.s01_entry_pipeline_imp_7Q6AYZ
Compiling module xpm.xpm_memory_base(MEMORY_TYPE=1,ME...
Compiling module xpm.xpm_memory_sdpram(MEMORY_SIZE=57...
Compiling module xpm.xpm_memory_base(MEMORY_TYPE=1,ME...
Compiling module xpm.xpm_memory_sdpram(MEMORY_SIZE=44...
Compiling module xil_defaultlib.bd_17d7_sawn_0
Compiling module xpm.xpm_memory_base(MEMORY_TYPE=1,ME...
Compiling module xpm.xpm_memory_sdpram(MEMORY_SIZE=32...
Compiling module xpm.xpm_memory_base(MEMORY_TYPE=1,ME...
Compiling module xpm.xpm_memory_sdpram(MEMORY_SIZE=76...
Compiling module xil_defaultlib.bd_17d7_sbn_0
Compiling module xpm.xpm_memory_base(MEMORY_TYPE=1,ME...
Compiling module xpm.xpm_memory_sdpram(MEMORY_SIZE=16...
Compiling module xil_defaultlib.bd_17d7_swn_0
Compiling module xil_defaultlib.s01_nodes_imp_29078Z
Compiling module xil_defaultlib.bd_17d7_arsw_0
Compiling module xil_defaultlib.bd_17d7_awsw_0
Compiling module xil_defaultlib.bd_17d7_bsw_0
Compiling module xil_defaultlib.bd_17d7_rsw_0
Compiling module xil_defaultlib.bd_17d7_wsw_0
Compiling module xil_defaultlib.switchboards_imp_1YQ1SR5
Compiling module xil_defaultlib.bd_17d7
Compiling module xil_defaultlib.axi_vd_smartconnect_0_0
Compiling module axis_infrastructure_v1_1_0.axis_infrastructure_v1_1_0_util_...
Compiling module axis_infrastructure_v1_1_0.axis_infrastructure_v1_1_0_util_...
Compiling module axis_infrastructure_v1_1_0.axis_infrastructure_v1_1_0_util_...
Compiling module xpm.xpm_cdc_sync_rst(DEST_SYNC_FF=3,...
Compiling module xpm.xpm_fifo_rst(COMMON_CLOCK=0,CDC_...
Compiling module xpm.xpm_fifo_reg_bit
Compiling module xpm.xpm_counter_updn(COUNTER_WIDTH=1...
Compiling module xpm.xpm_counter_updn(COUNTER_WIDTH=1...
Compiling module xpm.xpm_counter_updn(COUNTER_WIDTH=1...
Compiling module xpm.xpm_memory_base(MEMORY_TYPE=1,ME...
Compiling module xpm.xpm_cdc_gray(DEST_SYNC_FF=3,INIT...
Compiling module xpm.xpm_fifo_reg_vec(REG_WIDTH=12)
Compiling module xpm.xpm_cdc_gray(DEST_SYNC_FF=5,INIT...
Compiling module xpm.xpm_fifo_reg_vec(REG_WIDTH=13)
Compiling module xpm.xpm_cdc_gray(DEST_SYNC_FF=3,INIT...
Compiling module xpm.xpm_counter_updn(COUNTER_WIDTH=2...
Compiling module xpm.xpm_fifo_base(COMMON_CLOCK=0,FIF...
Compiling module xpm.xpm_fifo_axis(CLOCKING_MODE="ind...
Compiling module axis_data_fifo_v2_0_1.axis_data_fifo_v2_0_1_top(C_FAMI...
Compiling module xil_defaultlib.axis_fifo_in
Compiling module xil_defaultlib.axi_write_default
Compiling module xil_defaultlib.axi_read_default
Compiling module xil_defaultlib.video_dma
Compiling module xil_defaultlib.axi_vd_video_dma_0_0
Compiling module xil_defaultlib.axi_vd_xlconstant_0_0
Compiling module xil_defaultlib.axi_vd
Compiling module xil_defaultlib.Video_DMA
Compiling module xil_defaultlib.sim_video
Compiling module xil_defaultlib.glbl
Built simulation snapshot sim_video_behav
