INFO: [VRFC 10-2263] Analyzing Verilog file "D:/xilinx_prj/xilinx_axi/zcu104/vdma.ip_user_files/bd/axi_vd/sim/axi_vd.v" into library xil_defaultlib
INFO: [VRFC 10-311] analyzing module axi_vd
INFO: [VRFC 10-2263] Analyzing Verilog file "D:/xilinx_prj/xilinx_axi/zcu104/vdma.ip_user_files/bd/axi_vd/ipshared/eb21/hdl/s_axi_mm_v1_0_S_AXI.v" into library xil_defaultlib
INFO: [VRFC 10-311] analyzing module s_axi_mm_v1_0_S_AXI
WARNING: [VRFC 10-634] event expressions must result in a singular type [D:/xilinx_prj/xilinx_axi/zcu104/vdma.ip_user_files/bd/axi_vd/ipshared/eb21/hdl/s_axi_mm_v1_0_S_AXI.v:598]
INFO: [VRFC 10-2263] Analyzing Verilog file "D:/xilinx_prj/xilinx_axi/zcu104/vdma.ip_user_files/bd/axi_vd/ipshared/eb21/hdl/s_axi_mm_v1_0.v" into library xil_defaultlib
INFO: [VRFC 10-311] analyzing module s_axi_mm_v1_0
INFO: [VRFC 10-2263] Analyzing Verilog file "D:/xilinx_prj/xilinx_axi/zcu104/vdma.ip_user_files/bd/axi_vd/ip/axi_vd_s_axi_mm_0_0/sim/axi_vd_s_axi_mm_0_0.v" into library xil_defaultlib
INFO: [VRFC 10-311] analyzing module axi_vd_s_axi_mm_0_0
INFO: [VRFC 10-2263] Analyzing Verilog file "D:/xilinx_prj/xilinx_axi/zcu104/vdma.ip_user_files/bd/axi_vd/ip/axi_vd_smartconnect_0_0/bd_0/sim/bd_17d7.v" into library xil_defaultlib
INFO: [VRFC 10-311] analyzing module bd_17d7
INFO: [VRFC 10-311] analyzing module clk_map_imp_1XOWIKN
INFO: [VRFC 10-311] analyzing module m00_exit_pipeline_imp_Z3AAK
INFO: [VRFC 10-311] analyzing module m00_nodes_imp_N86A5S
INFO: [VRFC 10-311] analyzing module s00_entry_pipeline_imp_ZP7U8V
INFO: [VRFC 10-311] analyzing module s00_nodes_imp_15D3J5X
INFO: [VRFC 10-311] analyzing module s01_entry_pipeline_imp_7Q6AYZ
INFO: [VRFC 10-311] analyzing module s01_nodes_imp_29078Z
INFO: [VRFC 10-311] analyzing module switchboards_imp_1YQ1SR5
INFO: [VRFC 10-2263] Analyzing Verilog file "D:/xilinx_prj/xilinx_axi/zcu104/vdma.ip_user_files/bd/axi_vd/ip/axi_vd_smartconnect_0_0/bd_0/ip/ip_0/sim/bd_17d7_one_0.v" into library xil_defaultlib
INFO: [VRFC 10-311] analyzing module bd_17d7_one_0
INFO: [VRFC 10-2263] Analyzing SystemVerilog file "D:/xilinx_prj/xilinx_axi/zcu104/vdma.ip_user_files/bd/axi_vd/ip/axi_vd_smartconnect_0_0/bd_0/ip/ip_5/sim/bd_17d7_arsw_0.sv" into library xil_defaultlib
INFO: [VRFC 10-311] analyzing module bd_17d7_arsw_0
INFO: [VRFC 10-2263] Analyzing SystemVerilog file "D:/xilinx_prj/xilinx_axi/zcu104/vdma.ip_user_files/bd/axi_vd/ip/axi_vd_smartconnect_0_0/bd_0/ip/ip_6/sim/bd_17d7_rsw_0.sv" into library xil_defaultlib
INFO: [VRFC 10-311] analyzing module bd_17d7_rsw_0
INFO: [VRFC 10-2263] Analyzing SystemVerilog file "D:/xilinx_prj/xilinx_axi/zcu104/vdma.ip_user_files/bd/axi_vd/ip/axi_vd_smartconnect_0_0/bd_0/ip/ip_7/sim/bd_17d7_awsw_0.sv" into library xil_defaultlib
INFO: [VRFC 10-311] analyzing module bd_17d7_awsw_0
INFO: [VRFC 10-2263] Analyzing SystemVerilog file "D:/xilinx_prj/xilinx_axi/zcu104/vdma.ip_user_files/bd/axi_vd/ip/axi_vd_smartconnect_0_0/bd_0/ip/ip_8/sim/bd_17d7_wsw_0.sv" into library xil_defaultlib
INFO: [VRFC 10-311] analyzing module bd_17d7_wsw_0
INFO: [VRFC 10-2263] Analyzing SystemVerilog file "D:/xilinx_prj/xilinx_axi/zcu104/vdma.ip_user_files/bd/axi_vd/ip/axi_vd_smartconnect_0_0/bd_0/ip/ip_9/sim/bd_17d7_bsw_0.sv" into library xil_defaultlib
INFO: [VRFC 10-311] analyzing module bd_17d7_bsw_0
INFO: [VRFC 10-2263] Analyzing SystemVerilog file "D:/xilinx_prj/xilinx_axi/zcu104/vdma.ip_user_files/bd/axi_vd/ip/axi_vd_smartconnect_0_0/bd_0/ip/ip_10/sim/bd_17d7_s00mmu_0.sv" into library xil_defaultlib
INFO: [VRFC 10-311] analyzing module bd_17d7_s00mmu_0
INFO: [VRFC 10-2263] Analyzing SystemVerilog file "D:/xilinx_prj/xilinx_axi/zcu104/vdma.ip_user_files/bd/axi_vd/ip/axi_vd_smartconnect_0_0/bd_0/ip/ip_11/sim/bd_17d7_s00tr_0.sv" into library xil_defaultlib
INFO: [VRFC 10-311] analyzing module bd_17d7_s00tr_0
INFO: [VRFC 10-2263] Analyzing SystemVerilog file "D:/xilinx_prj/xilinx_axi/zcu104/vdma.ip_user_files/bd/axi_vd/ip/axi_vd_smartconnect_0_0/bd_0/ip/ip_12/sim/bd_17d7_s00sic_0.sv" into library xil_defaultlib
INFO: [VRFC 10-311] analyzing module bd_17d7_s00sic_0
INFO: [VRFC 10-2263] Analyzing SystemVerilog file "D:/xilinx_prj/xilinx_axi/zcu104/vdma.ip_user_files/bd/axi_vd/ip/axi_vd_smartconnect_0_0/bd_0/ip/ip_13/sim/bd_17d7_s00a2s_0.sv" into library xil_defaultlib
INFO: [VRFC 10-311] analyzing module bd_17d7_s00a2s_0
INFO: [VRFC 10-2263] Analyzing SystemVerilog file "D:/xilinx_prj/xilinx_axi/zcu104/vdma.ip_user_files/bd/axi_vd/ip/axi_vd_smartconnect_0_0/bd_0/ip/ip_14/sim/bd_17d7_sarn_0.sv" into library xil_defaultlib
INFO: [VRFC 10-311] analyzing module bd_17d7_sarn_0
INFO: [VRFC 10-2263] Analyzing SystemVerilog file "D:/xilinx_prj/xilinx_axi/zcu104/vdma.ip_user_files/bd/axi_vd/ip/axi_vd_smartconnect_0_0/bd_0/ip/ip_15/sim/bd_17d7_srn_0.sv" into library xil_defaultlib
INFO: [VRFC 10-311] analyzing module bd_17d7_srn_0
INFO: [VRFC 10-2263] Analyzing SystemVerilog file "D:/xilinx_prj/xilinx_axi/zcu104/vdma.ip_user_files/bd/axi_vd/ip/axi_vd_smartconnect_0_0/bd_0/ip/ip_16/sim/bd_17d7_s01mmu_0.sv" into library xil_defaultlib
INFO: [VRFC 10-311] analyzing module bd_17d7_s01mmu_0
INFO: [VRFC 10-2263] Analyzing SystemVerilog file "D:/xilinx_prj/xilinx_axi/zcu104/vdma.ip_user_files/bd/axi_vd/ip/axi_vd_smartconnect_0_0/bd_0/ip/ip_17/sim/bd_17d7_s01tr_0.sv" into library xil_defaultlib
INFO: [VRFC 10-311] analyzing module bd_17d7_s01tr_0
INFO: [VRFC 10-2263] Analyzing SystemVerilog file "D:/xilinx_prj/xilinx_axi/zcu104/vdma.ip_user_files/bd/axi_vd/ip/axi_vd_smartconnect_0_0/bd_0/ip/ip_18/sim/bd_17d7_s01sic_0.sv" into library xil_defaultlib
INFO: [VRFC 10-311] analyzing module bd_17d7_s01sic_0
INFO: [VRFC 10-2263] Analyzing SystemVerilog file "D:/xilinx_prj/xilinx_axi/zcu104/vdma.ip_user_files/bd/axi_vd/ip/axi_vd_smartconnect_0_0/bd_0/ip/ip_19/sim/bd_17d7_s01a2s_0.sv" into library xil_defaultlib
INFO: [VRFC 10-311] analyzing module bd_17d7_s01a2s_0
INFO: [VRFC 10-2263] Analyzing SystemVerilog file "D:/xilinx_prj/xilinx_axi/zcu104/vdma.ip_user_files/bd/axi_vd/ip/axi_vd_smartconnect_0_0/bd_0/ip/ip_20/sim/bd_17d7_sawn_0.sv" into library xil_defaultlib
INFO: [VRFC 10-311] analyzing module bd_17d7_sawn_0
INFO: [VRFC 10-2263] Analyzing SystemVerilog file "D:/xilinx_prj/xilinx_axi/zcu104/vdma.ip_user_files/bd/axi_vd/ip/axi_vd_smartconnect_0_0/bd_0/ip/ip_21/sim/bd_17d7_swn_0.sv" into library xil_defaultlib
INFO: [VRFC 10-311] analyzing module bd_17d7_swn_0
INFO: [VRFC 10-2263] Analyzing SystemVerilog file "D:/xilinx_prj/xilinx_axi/zcu104/vdma.ip_user_files/bd/axi_vd/ip/axi_vd_smartconnect_0_0/bd_0/ip/ip_22/sim/bd_17d7_sbn_0.sv" into library xil_defaultlib
INFO: [VRFC 10-311] analyzing module bd_17d7_sbn_0
INFO: [VRFC 10-2263] Analyzing SystemVerilog file "D:/xilinx_prj/xilinx_axi/zcu104/vdma.ip_user_files/bd/axi_vd/ip/axi_vd_smartconnect_0_0/bd_0/ip/ip_23/sim/bd_17d7_m00s2a_0.sv" into library xil_defaultlib
INFO: [VRFC 10-311] analyzing module bd_17d7_m00s2a_0
INFO: [VRFC 10-2263] Analyzing SystemVerilog file "D:/xilinx_prj/xilinx_axi/zcu104/vdma.ip_user_files/bd/axi_vd/ip/axi_vd_smartconnect_0_0/bd_0/ip/ip_24/sim/bd_17d7_m00arn_0.sv" into library xil_defaultlib
INFO: [VRFC 10-311] analyzing module bd_17d7_m00arn_0
INFO: [VRFC 10-2263] Analyzing SystemVerilog file "D:/xilinx_prj/xilinx_axi/zcu104/vdma.ip_user_files/bd/axi_vd/ip/axi_vd_smartconnect_0_0/bd_0/ip/ip_25/sim/bd_17d7_m00rn_0.sv" into library xil_defaultlib
INFO: [VRFC 10-311] analyzing module bd_17d7_m00rn_0
INFO: [VRFC 10-2263] Analyzing SystemVerilog file "D:/xilinx_prj/xilinx_axi/zcu104/vdma.ip_user_files/bd/axi_vd/ip/axi_vd_smartconnect_0_0/bd_0/ip/ip_26/sim/bd_17d7_m00awn_0.sv" into library xil_defaultlib
INFO: [VRFC 10-311] analyzing module bd_17d7_m00awn_0
INFO: [VRFC 10-2263] Analyzing SystemVerilog file "D:/xilinx_prj/xilinx_axi/zcu104/vdma.ip_user_files/bd/axi_vd/ip/axi_vd_smartconnect_0_0/bd_0/ip/ip_27/sim/bd_17d7_m00wn_0.sv" into library xil_defaultlib
INFO: [VRFC 10-311] analyzing module bd_17d7_m00wn_0
INFO: [VRFC 10-2263] Analyzing SystemVerilog file "D:/xilinx_prj/xilinx_axi/zcu104/vdma.ip_user_files/bd/axi_vd/ip/axi_vd_smartconnect_0_0/bd_0/ip/ip_28/sim/bd_17d7_m00bn_0.sv" into library xil_defaultlib
INFO: [VRFC 10-311] analyzing module bd_17d7_m00bn_0
INFO: [VRFC 10-2263] Analyzing SystemVerilog file "D:/xilinx_prj/xilinx_axi/zcu104/vdma.ip_user_files/bd/axi_vd/ip/axi_vd_smartconnect_0_0/bd_0/ip/ip_29/sim/bd_17d7_m00e_0.sv" into library xil_defaultlib
INFO: [VRFC 10-311] analyzing module bd_17d7_m00e_0
INFO: [VRFC 10-2263] Analyzing Verilog file "D:/xilinx_prj/xilinx_axi/zcu104/vdma.ip_user_files/bd/axi_vd/ip/axi_vd_smartconnect_0_0/sim/axi_vd_smartconnect_0_0.v" into library xil_defaultlib
INFO: [VRFC 10-311] analyzing module axi_vd_smartconnect_0_0
INFO: [VRFC 10-2263] Analyzing Verilog file "D:/xilinx_prj/xilinx_axi/zcu104/vdma.ip_user_files/bd/axi_vd/ip/axi_vd_xlconstant_0_0/sim/axi_vd_xlconstant_0_0.v" into library xil_defaultlib
INFO: [VRFC 10-311] analyzing module axi_vd_xlconstant_0_0
INFO: [VRFC 10-2263] Analyzing Verilog file "D:/xilinx_prj/xilinx_axi/zcu104/vdma.ip_user_files/bd/axi_vd/ip/axi_vd_video_dma_0_0/src/axis_fifo_in/sim/axis_fifo_in.v" into library xil_defaultlib
INFO: [VRFC 10-311] analyzing module axis_fifo_in
INFO: [VRFC 10-2263] Analyzing Verilog file "D:/xilinx_prj/xilinx_axi/zcu104/vdma.ip_user_files/bd/axi_vd/ipshared/9f9c/src/axi_read.v" into library xil_defaultlib
INFO: [VRFC 10-311] analyzing module axi_read
INFO: [VRFC 10-2263] Analyzing Verilog file "D:/xilinx_prj/xilinx_axi/zcu104/vdma.ip_user_files/bd/axi_vd/ipshared/9f9c/src/axi_write.v" into library xil_defaultlib
INFO: [VRFC 10-311] analyzing module axi_write
INFO: [VRFC 10-2263] Analyzing Verilog file "D:/xilinx_prj/xilinx_axi/zcu104/vdma.ip_user_files/bd/axi_vd/ipshared/9f9c/src/video_dma.v" into library xil_defaultlib
INFO: [VRFC 10-311] analyzing module video_dma
INFO: [VRFC 10-2263] Analyzing Verilog file "D:/xilinx_prj/xilinx_axi/zcu104/vdma.ip_user_files/bd/axi_vd/ip/axi_vd_video_dma_0_0/sim/axi_vd_video_dma_0_0.v" into library xil_defaultlib
INFO: [VRFC 10-311] analyzing module axi_vd_video_dma_0_0
INFO: [VRFC 10-2263] Analyzing Verilog file "D:/xilinx_prj/xilinx_axi/zcu104/vdma.srcs/sources_1/ip/clk_wiz/clk_wiz_clk_wiz.v" into library xil_defaultlib
INFO: [VRFC 10-311] analyzing module clk_wiz_clk_wiz
INFO: [VRFC 10-2263] Analyzing Verilog file "D:/xilinx_prj/xilinx_axi/zcu104/vdma.srcs/sources_1/ip/clk_wiz/clk_wiz.v" into library xil_defaultlib
INFO: [VRFC 10-311] analyzing module clk_wiz
INFO: [VRFC 10-2263] Analyzing Verilog file "D:/xilinx_prj/xilinx_axi/zcu104/vdma.srcs/sources_1/new/Video_DMA.v" into library xil_defaultlib
INFO: [VRFC 10-311] analyzing module Video_DMA
INFO: [VRFC 10-2263] Analyzing Verilog file "D:/xilinx_prj/xilinx_axi/zcu104/vdma.srcs/sim_1/new/sim_video.v" into library xil_defaultlib
INFO: [VRFC 10-311] analyzing module sim_video
