INFO: [VRFC 10-2263] Analyzing Verilog file "D:/xilinx_prj/xilinx_axi/ip_repo/axi_wr/axi_wr/axi_wr.srcs/sources_1/bd/axi_wr/ip/axi_wr_smartconnect_0_0/bd_0/sim/bd_a70e.v" into library xil_defaultlib
INFO: [VRFC 10-311] analyzing module bd_a70e
INFO: [VRFC 10-311] analyzing module clk_map_imp_TUK7JH
INFO: [VRFC 10-311] analyzing module m00_exit_pipeline_imp_14UPZP2
INFO: [VRFC 10-311] analyzing module s00_entry_pipeline_imp_4GN65X
INFO: [VRFC 10-311] analyzing module s00_nodes_imp_1KO167
INFO: [VRFC 10-2263] Analyzing Verilog file "D:/xilinx_prj/xilinx_axi/ip_repo/axi_wr/axi_wr/axi_wr.srcs/sources_1/bd/axi_wr/ip/axi_wr_smartconnect_0_0/bd_0/ip/ip_0/sim/bd_a70e_one_0.v" into library xil_defaultlib
INFO: [VRFC 10-311] analyzing module bd_a70e_one_0
INFO: [VRFC 10-2263] Analyzing SystemVerilog file "D:/xilinx_prj/xilinx_axi/ip_repo/axi_wr/axi_wr/axi_wr.srcs/sources_1/bd/axi_wr/ip/axi_wr_smartconnect_0_0/bd_0/ip/ip_2/sim/bd_a70e_s00mmu_0.sv" into library xil_defaultlib
INFO: [VRFC 10-311] analyzing module bd_a70e_s00mmu_0
INFO: [VRFC 10-2263] Analyzing SystemVerilog file "D:/xilinx_prj/xilinx_axi/ip_repo/axi_wr/axi_wr/axi_wr.srcs/sources_1/bd/axi_wr/ip/axi_wr_smartconnect_0_0/bd_0/ip/ip_3/sim/bd_a70e_s00tr_0.sv" into library xil_defaultlib
INFO: [VRFC 10-311] analyzing module bd_a70e_s00tr_0
INFO: [VRFC 10-2263] Analyzing SystemVerilog file "D:/xilinx_prj/xilinx_axi/ip_repo/axi_wr/axi_wr/axi_wr.srcs/sources_1/bd/axi_wr/ip/axi_wr_smartconnect_0_0/bd_0/ip/ip_4/sim/bd_a70e_s00sic_0.sv" into library xil_defaultlib
INFO: [VRFC 10-311] analyzing module bd_a70e_s00sic_0
INFO: [VRFC 10-2263] Analyzing SystemVerilog file "D:/xilinx_prj/xilinx_axi/ip_repo/axi_wr/axi_wr/axi_wr.srcs/sources_1/bd/axi_wr/ip/axi_wr_smartconnect_0_0/bd_0/ip/ip_5/sim/bd_a70e_s00a2s_0.sv" into library xil_defaultlib
INFO: [VRFC 10-311] analyzing module bd_a70e_s00a2s_0
INFO: [VRFC 10-2263] Analyzing SystemVerilog file "D:/xilinx_prj/xilinx_axi/ip_repo/axi_wr/axi_wr/axi_wr.srcs/sources_1/bd/axi_wr/ip/axi_wr_smartconnect_0_0/bd_0/ip/ip_6/sim/bd_a70e_sawn_0.sv" into library xil_defaultlib
INFO: [VRFC 10-311] analyzing module bd_a70e_sawn_0
INFO: [VRFC 10-2263] Analyzing SystemVerilog file "D:/xilinx_prj/xilinx_axi/ip_repo/axi_wr/axi_wr/axi_wr.srcs/sources_1/bd/axi_wr/ip/axi_wr_smartconnect_0_0/bd_0/ip/ip_7/sim/bd_a70e_swn_0.sv" into library xil_defaultlib
INFO: [VRFC 10-311] analyzing module bd_a70e_swn_0
INFO: [VRFC 10-2263] Analyzing SystemVerilog file "D:/xilinx_prj/xilinx_axi/ip_repo/axi_wr/axi_wr/axi_wr.srcs/sources_1/bd/axi_wr/ip/axi_wr_smartconnect_0_0/bd_0/ip/ip_8/sim/bd_a70e_sbn_0.sv" into library xil_defaultlib
INFO: [VRFC 10-311] analyzing module bd_a70e_sbn_0
INFO: [VRFC 10-2263] Analyzing SystemVerilog file "D:/xilinx_prj/xilinx_axi/ip_repo/axi_wr/axi_wr/axi_wr.srcs/sources_1/bd/axi_wr/ip/axi_wr_smartconnect_0_0/bd_0/ip/ip_9/sim/bd_a70e_m00s2a_0.sv" into library xil_defaultlib
INFO: [VRFC 10-311] analyzing module bd_a70e_m00s2a_0
INFO: [VRFC 10-2263] Analyzing SystemVerilog file "D:/xilinx_prj/xilinx_axi/ip_repo/axi_wr/axi_wr/axi_wr.srcs/sources_1/bd/axi_wr/ip/axi_wr_smartconnect_0_0/bd_0/ip/ip_10/sim/bd_a70e_m00e_0.sv" into library xil_defaultlib
INFO: [VRFC 10-311] analyzing module bd_a70e_m00e_0
INFO: [VRFC 10-2263] Analyzing Verilog file "D:/xilinx_prj/xilinx_axi/ip_repo/axi_wr/axi_wr/axi_wr.srcs/sources_1/bd/axi_wr/ip/axi_wr_smartconnect_0_0/sim/axi_wr_smartconnect_0_0.v" into library xil_defaultlib
INFO: [VRFC 10-311] analyzing module axi_wr_smartconnect_0_0
INFO: [VRFC 10-2263] Analyzing Verilog file "D:/xilinx_prj/xilinx_axi/ip_repo/axi_wr/axi_wr/axi_wr.srcs/sources_1/bd/axi_wr/ipshared/eb21/hdl/s_axi_mm_v1_0_S_AXI.v" into library xil_defaultlib
INFO: [VRFC 10-311] analyzing module s_axi_mm_v1_0_S_AXI
WARNING: [VRFC 10-634] event expressions must result in a singular type [D:/xilinx_prj/xilinx_axi/ip_repo/axi_wr/axi_wr/axi_wr.srcs/sources_1/bd/axi_wr/ipshared/eb21/hdl/s_axi_mm_v1_0_S_AXI.v:598]
INFO: [VRFC 10-2263] Analyzing Verilog file "D:/xilinx_prj/xilinx_axi/ip_repo/axi_wr/axi_wr/axi_wr.srcs/sources_1/bd/axi_wr/ipshared/eb21/hdl/s_axi_mm_v1_0.v" into library xil_defaultlib
INFO: [VRFC 10-311] analyzing module s_axi_mm_v1_0
INFO: [VRFC 10-2263] Analyzing Verilog file "D:/xilinx_prj/xilinx_axi/ip_repo/axi_wr/axi_wr/axi_wr.srcs/sources_1/bd/axi_wr/ip/axi_wr_s_axi_mm_0_0/sim/axi_wr_s_axi_mm_0_0.v" into library xil_defaultlib
INFO: [VRFC 10-311] analyzing module axi_wr_s_axi_mm_0_0
INFO: [VRFC 10-2263] Analyzing Verilog file "D:/xilinx_prj/xilinx_axi/ip_repo/axi_wr/axi_wr/axi_wr.srcs/sources_1/bd/axi_wr/ip/axi_wr_xlconstant_0_0/sim/axi_wr_xlconstant_0_0.v" into library xil_defaultlib
INFO: [VRFC 10-311] analyzing module axi_wr_xlconstant_0_0
INFO: [VRFC 10-2263] Analyzing Verilog file "D:/xilinx_prj/xilinx_axi/ip_repo/axi_wr/axi_wr/axi_wr.srcs/sources_1/bd/axi_wr/sim/axi_wr.v" into library xil_defaultlib
INFO: [VRFC 10-311] analyzing module axi_wr
INFO: [VRFC 10-2263] Analyzing Verilog file "D:/xilinx_prj/xilinx_axi/ip_repo/axi_wr/axi_wr/axi_wr.srcs/sources_1/bd/axi_wr/ip/axi_wr_axi_write_0_0/src/axis_fifo_in/sim/axis_fifo_in.v" into library xil_defaultlib
INFO: [VRFC 10-311] analyzing module axis_fifo_in
INFO: [VRFC 10-2263] Analyzing Verilog file "D:/xilinx_prj/xilinx_axi/ip_repo/axi_wr/axi_wr/axi_wr.srcs/sources_1/bd/axi_wr/ipshared/8202/src/axi_write.v" into library xil_defaultlib
INFO: [VRFC 10-311] analyzing module axi_write
INFO: [VRFC 10-2263] Analyzing Verilog file "D:/xilinx_prj/xilinx_axi/ip_repo/axi_wr/axi_wr/axi_wr.srcs/sources_1/bd/axi_wr/ip/axi_wr_axi_write_0_0/sim/axi_wr_axi_write_0_0.v" into library xil_defaultlib
INFO: [VRFC 10-311] analyzing module axi_wr_axi_write_0_0
INFO: [VRFC 10-2263] Analyzing Verilog file "D:/xilinx_prj/xilinx_axi/ip_repo/axi_wr/axi_wr/axi_wr.srcs/sim_1/new/sim_axi_wr.v" into library xil_defaultlib
INFO: [VRFC 10-311] analyzing module sim_axi_wr
INFO: [VRFC 10-2263] Analyzing Verilog file "D:/xilinx_prj/xilinx_axi/ip_repo/axi_wr/axi_wr/axi_wr.sim/sim_1/behav/xsim/glbl.v" into library xil_defaultlib
INFO: [VRFC 10-311] analyzing module glbl
INFO: [VRFC 10-163] Analyzing VHDL file "D:/xilinx_prj/xilinx_axi/ip_repo/axi_wr/axi_wr/axi_wr.srcs/sources_1/bd/axi_wr/ip/axi_wr_smartconnect_0_0/bd_0/ip/ip_1/sim/bd_a70e_psr_aclk_0.vhd" into library xil_defaultlib
INFO: [VRFC 10-3107] analyzing entity 'bd_a70e_psr_aclk_0'
INFO: [VRFC 10-163] Analyzing VHDL file "D:/xilinx_prj/xilinx_axi/ip_repo/axi_wr/axi_wr/axi_wr.srcs/sources_1/bd/axi_wr/ip/axi_wr_proc_sys_reset_0_1/sim/axi_wr_proc_sys_reset_0_1.vhd" into library xil_defaultlib
INFO: [VRFC 10-3107] analyzing entity 'axi_wr_proc_sys_reset_0_1'
