Copyright 1986-2019 Xilinx, Inc. All Rights Reserved.
---------------------------------------------------------------------------------------------------------------
| Tool Version : Vivado v.2019.1 (win64) Build 2552052 Fri May 24 14:49:42 MDT 2019
| Date         : Mon Mar 11 16:55:28 2024
| Host         : weslie running 64-bit major release  (build 9200)
| Command      : report_utilization -file Video_DMA_utilization_placed.rpt -pb Video_DMA_utilization_placed.pb
| Design       : Video_DMA
| Device       : xczu7evffvc1156-2
| Design State : Fully Placed
---------------------------------------------------------------------------------------------------------------

Utilization Design Information

Table of Contents
-----------------
1. CLB Logic
1.1 Summary of Registers by Type
2. CLB Logic Distribution
3. BLOCKRAM
4. ARITHMETIC
5. I/O
6. CLOCK
7. ADVANCED
8. CONFIGURATION
9. Primitives
10. Black Boxes
11. Instantiated Netlists

1. CLB Logic
------------

+----------------------------+------+-------+-----------+-------+
|          Site Type         | Used | Fixed | Available | Util% |
+----------------------------+------+-------+-----------+-------+
| CLB LUTs                   | 5009 |     0 |    230400 |  2.17 |
|   LUT as Logic             | 4222 |     0 |    230400 |  1.83 |
|   LUT as Memory            |  787 |     0 |    101760 |  0.77 |
|     LUT as Distributed RAM |  322 |     0 |           |       |
|     LUT as Shift Register  |  465 |     0 |           |       |
| CLB Registers              | 7564 |     0 |    460800 |  1.64 |
|   Register as Flip Flop    | 7563 |     0 |    460800 |  1.64 |
|   Register as Latch        |    1 |     0 |    460800 | <0.01 |
| CARRY8                     |   97 |     0 |     28800 |  0.34 |
| F7 Muxes                   |  101 |     0 |    115200 |  0.09 |
| F8 Muxes                   |   32 |     0 |     57600 |  0.06 |
| F9 Muxes                   |    0 |     0 |     28800 |  0.00 |
+----------------------------+------+-------+-----------+-------+


1.1 Summary of Registers by Type
--------------------------------

+-------+--------------+-------------+--------------+
| Total | Clock Enable | Synchronous | Asynchronous |
+-------+--------------+-------------+--------------+
| 0     |            _ |           - |            - |
| 0     |            _ |           - |          Set |
| 0     |            _ |           - |        Reset |
| 0     |            _ |         Set |            - |
| 0     |            _ |       Reset |            - |
| 0     |          Yes |           - |            - |
| 40    |          Yes |           - |          Set |
| 172   |          Yes |           - |        Reset |
| 187   |          Yes |         Set |            - |
| 7165  |          Yes |       Reset |            - |
+-------+--------------+-------------+--------------+


2. CLB Logic Distribution
-------------------------

+--------------------------------------------+------+-------+-----------+-------+
|                  Site Type                 | Used | Fixed | Available | Util% |
+--------------------------------------------+------+-------+-----------+-------+
| CLB                                        | 1231 |     0 |     28800 |  4.27 |
|   CLBL                                     |  825 |     0 |           |       |
|   CLBM                                     |  406 |     0 |           |       |
| LUT as Logic                               | 4222 |     0 |    230400 |  1.83 |
|   using O5 output only                     |  244 |       |           |       |
|   using O6 output only                     | 3112 |       |           |       |
|   using O5 and O6                          |  866 |       |           |       |
| LUT as Memory                              |  787 |     0 |    101760 |  0.77 |
|   LUT as Distributed RAM                   |  322 |     0 |           |       |
|     using O5 output only                   |    0 |       |           |       |
|     using O6 output only                   |    2 |       |           |       |
|     using O5 and O6                        |  320 |       |           |       |
|   LUT as Shift Register                    |  465 |     0 |           |       |
|     using O5 output only                   |    0 |       |           |       |
|     using O6 output only                   |  137 |       |           |       |
|     using O5 and O6                        |  328 |       |           |       |
| CLB Registers                              | 7564 |     0 |    460800 |  1.64 |
|   Register driven from within the CLB      | 3956 |       |           |       |
|   Register driven from outside the CLB     | 3608 |       |           |       |
|     LUT in front of the register is unused | 2908 |       |           |       |
|     LUT in front of the register is used   |  700 |       |           |       |
| Unique Control Sets                        |  412 |       |     57600 |  0.72 |
+--------------------------------------------+------+-------+-----------+-------+
* Note: Available Control Sets calculated as CLB Registers / 8, Review the Control Sets Report for more information regarding control sets.


3. BLOCKRAM
-----------

+-------------------+------+-------+-----------+-------+
|     Site Type     | Used | Fixed | Available | Util% |
+-------------------+------+-------+-----------+-------+
| Block RAM Tile    |   10 |     0 |       312 |  3.21 |
|   RAMB36/FIFO*    |   10 |     0 |       312 |  3.21 |
|     RAMB36E2 only |   10 |       |           |       |
|   RAMB18          |    0 |     0 |       624 |  0.00 |
| URAM              |    0 |     0 |        96 |  0.00 |
+-------------------+------+-------+-----------+-------+
* Note: Each Block RAM Tile only has one FIFO logic available and therefore can accommodate only one FIFO36E2 or one FIFO18E2. However, if a FIFO18E2 occupies a Block RAM Tile, that tile can still accommodate a RAMB18E2


4. ARITHMETIC
-------------

+-----------+------+-------+-----------+-------+
| Site Type | Used | Fixed | Available | Util% |
+-----------+------+-------+-----------+-------+
| DSPs      |    0 |     0 |      1728 |  0.00 |
+-----------+------+-------+-----------+-------+


5. I/O
------

+------------------+------+-------+-----------+-------+
|     Site Type    | Used | Fixed | Available | Util% |
+------------------+------+-------+-----------+-------+
| Bonded IOB       |    2 |     2 |       360 |  0.56 |
| HPIOB_M          |    1 |     1 |       144 |  0.69 |
|   INPUT          |    1 |       |           |       |
|   OUTPUT         |    0 |       |           |       |
|   BIDIR          |    0 |       |           |       |
| HPIOB_S          |    1 |     1 |       144 |  0.69 |
|   INPUT          |    1 |       |           |       |
|   OUTPUT         |    0 |       |           |       |
|   BIDIR          |    0 |       |           |       |
| HDIOB_M          |    0 |     0 |        24 |  0.00 |
| HDIOB_S          |    0 |     0 |        24 |  0.00 |
| HPIOB_SNGL       |    0 |     0 |        24 |  0.00 |
| HPIOBDIFFINBUF   |    1 |     1 |       192 |  0.52 |
|   DIFFINBUF      |    1 |     1 |           |       |
| HPIOBDIFFOUTBUF  |    0 |     0 |       192 |  0.00 |
| HDIOBDIFFINBUF   |    0 |     0 |        48 |  0.00 |
| BITSLICE_CONTROL |    0 |     0 |        64 |  0.00 |
| BITSLICE_RX_TX   |    0 |     0 |       416 |  0.00 |
| BITSLICE_TX      |    0 |     0 |        64 |  0.00 |
| RIU_OR           |    0 |     0 |        32 |  0.00 |
+------------------+------+-------+-----------+-------+


6. CLOCK
--------

+----------------------+------+-------+-----------+-------+
|       Site Type      | Used | Fixed | Available | Util% |
+----------------------+------+-------+-----------+-------+
| GLOBAL CLOCK BUFFERs |    5 |     0 |       544 |  0.92 |
|   BUFGCE             |    5 |     0 |       208 |  2.40 |
|   BUFGCE_DIV         |    0 |     0 |        32 |  0.00 |
|   BUFG_GT            |    0 |     0 |       144 |  0.00 |
|   BUFG_PS            |    0 |     0 |        96 |  0.00 |
|   BUFGCTRL*          |    0 |     0 |        64 |  0.00 |
| PLL                  |    0 |     0 |        16 |  0.00 |
| MMCM                 |    1 |     0 |         8 | 12.50 |
+----------------------+------+-------+-----------+-------+
* Note: Each used BUFGCTRL counts as two GLOBAL CLOCK BUFFERs. This table does not include global clocking resources, only buffer cell usage. See the Clock Utilization Report (report_clock_utilization) for detailed accounting of global clocking resource availability.


7. ADVANCED
-----------

+-----------------+------+-------+-----------+-------+
|    Site Type    | Used | Fixed | Available | Util% |
+-----------------+------+-------+-----------+-------+
| GTHE4_CHANNEL   |    0 |     0 |        20 |  0.00 |
| GTHE4_COMMON    |    0 |     0 |         5 |  0.00 |
| OBUFDS_GTE4     |    0 |     0 |        10 |  0.00 |
| OBUFDS_GTE4_ADV |    0 |     0 |        10 |  0.00 |
| PCIE40E4        |    0 |     0 |         2 |  0.00 |
| PS8             |    0 |     0 |         1 |  0.00 |
| SYSMONE4        |    0 |     0 |         1 |  0.00 |
| VCU             |    0 |     0 |         1 |  0.00 |
+-----------------+------+-------+-----------+-------+


8. CONFIGURATION
----------------

+-------------+------+-------+-----------+-------+
|  Site Type  | Used | Fixed | Available | Util% |
+-------------+------+-------+-----------+-------+
| BSCANE2     |    1 |     0 |         4 | 25.00 |
| DNA_PORTE2  |    0 |     0 |         1 |  0.00 |
| EFUSE_USR   |    0 |     0 |         1 |  0.00 |
| FRAME_ECCE4 |    0 |     0 |         1 |  0.00 |
| ICAPE3      |    0 |     0 |         2 |  0.00 |
| MASTER_JTAG |    0 |     0 |         1 |  0.00 |
| STARTUPE3   |    0 |     0 |         1 |  0.00 |
+-------------+------+-------+-----------+-------+


9. Primitives
-------------

+------------+------+---------------------+
|  Ref Name  | Used | Functional Category |
+------------+------+---------------------+
| FDRE       | 7165 |            Register |
| LUT6       | 1732 |                 CLB |
| LUT3       |  920 |                 CLB |
| LUT4       |  885 |                 CLB |
| LUT2       |  710 |                 CLB |
| LUT5       |  631 |                 CLB |
| RAMD32     |  534 |                 CLB |
| SRL16E     |  477 |                 CLB |
| SRLC32E    |  314 |                 CLB |
| LUT1       |  210 |                 CLB |
| FDSE       |  187 |            Register |
| FDCE       |  171 |            Register |
| RAMS32     |  108 |                 CLB |
| MUXF7      |  101 |                 CLB |
| CARRY8     |   97 |                 CLB |
| FDPE       |   40 |            Register |
| MUXF8      |   32 |                 CLB |
| RAMB36E2   |   10 |           Block Ram |
| BUFGCE     |    5 |               Clock |
| SRLC16E    |    2 |                 CLB |
| MMCME4_ADV |    1 |               Clock |
| LDCE       |    1 |            Register |
| IBUFCTRL   |    1 |              Others |
| DIFFINBUF  |    1 |                 I/O |
| BSCANE2    |    1 |       Configuration |
+------------+------+---------------------+


10. Black Boxes
---------------

+----------+------+
| Ref Name | Used |
+----------+------+


11. Instantiated Netlists
-------------------------

+---------------------------+------+
|          Ref Name         | Used |
+---------------------------+------+
| dbg_hub                   |    1 |
| clk_wiz                   |    1 |
| axi_vd_system_ila_0_3     |    1 |
| axi_vd_smartconnect_0_0   |    1 |
| axi_vd_s_axi_mm_0_1       |    1 |
| axi_vd_proc_sys_reset_0_0 |    1 |
| axi_vd_axi_write_0_1      |    1 |
| axi_vd_axi_read_1_0       |    1 |
+---------------------------+------+


