Copyright 1986-2019 Xilinx, Inc. All Rights Reserved.
-------------------------------------------------------------------------------------------------------------
| Tool Version : Vivado v.2019.1 (win64) Build 2552052 Fri May 24 14:49:42 MDT 2019
| Date         : Wed Mar  6 21:07:30 2024
| Host         : westlife running 64-bit major release  (build 9200)
| Command      : report_utilization -file axi_read_utilization_placed.rpt -pb axi_read_utilization_placed.pb
| Design       : axi_read
| Device       : xczu7evffvc1156-2
| Design State : Fully Placed
-------------------------------------------------------------------------------------------------------------

Utilization Design Information

Table of Contents
-----------------
1. CLB Logic
1.1 Summary of Registers by Type
2. CLB Logic Distribution
3. BLOCKRAM
4. ARITHMETIC
5. I/O
6. CLOCK
7. ADVANCED
8. CONFIGURATION
9. Primitives
10. Black Boxes
11. Instantiated Netlists

1. CLB Logic
------------

+-------------------------+------+-------+-----------+-------+
|        Site Type        | Used | Fixed | Available | Util% |
+-------------------------+------+-------+-----------+-------+
| CLB LUTs                |  252 |     0 |    230400 |  0.11 |
|   LUT as Logic          |  252 |     0 |    230400 |  0.11 |
|   LUT as Memory         |    0 |     0 |    101760 |  0.00 |
| CLB Registers           |  396 |     0 |    460800 |  0.09 |
|   Register as Flip Flop |  396 |     0 |    460800 |  0.09 |
|   Register as Latch     |    0 |     0 |    460800 |  0.00 |
| CARRY8                  |   11 |     0 |     28800 |  0.04 |
| F7 Muxes                |    0 |     0 |    115200 |  0.00 |
| F8 Muxes                |    0 |     0 |     57600 |  0.00 |
| F9 Muxes                |    0 |     0 |     28800 |  0.00 |
+-------------------------+------+-------+-----------+-------+


1.1 Summary of Registers by Type
--------------------------------

+-------+--------------+-------------+--------------+
| Total | Clock Enable | Synchronous | Asynchronous |
+-------+--------------+-------------+--------------+
| 0     |            _ |           - |            - |
| 0     |            _ |           - |          Set |
| 0     |            _ |           - |        Reset |
| 0     |            _ |         Set |            - |
| 0     |            _ |       Reset |            - |
| 0     |          Yes |           - |            - |
| 0     |          Yes |           - |          Set |
| 0     |          Yes |           - |        Reset |
| 8     |          Yes |         Set |            - |
| 388   |          Yes |       Reset |            - |
+-------+--------------+-------------+--------------+


2. CLB Logic Distribution
-------------------------

+--------------------------------------------+------+-------+-----------+-------+
|                  Site Type                 | Used | Fixed | Available | Util% |
+--------------------------------------------+------+-------+-----------+-------+
| CLB                                        |  102 |     0 |     28800 |  0.35 |
|   CLBL                                     |   61 |     0 |           |       |
|   CLBM                                     |   41 |     0 |           |       |
| LUT as Logic                               |  252 |     0 |    230400 |  0.11 |
|   using O5 output only                     |   23 |       |           |       |
|   using O6 output only                     |  182 |       |           |       |
|   using O5 and O6                          |   47 |       |           |       |
| LUT as Memory                              |    0 |     0 |    101760 |  0.00 |
|   LUT as Distributed RAM                   |    0 |     0 |           |       |
|   LUT as Shift Register                    |    0 |     0 |           |       |
| CLB Registers                              |  396 |     0 |    460800 |  0.09 |
|   Register driven from within the CLB      |  226 |       |           |       |
|   Register driven from outside the CLB     |  170 |       |           |       |
|     LUT in front of the register is unused |  157 |       |           |       |
|     LUT in front of the register is used   |   13 |       |           |       |
| Unique Control Sets                        |   12 |       |     57600 |  0.02 |
+--------------------------------------------+------+-------+-----------+-------+
* Note: Available Control Sets calculated as CLB Registers / 8, Review the Control Sets Report for more information regarding control sets.


3. BLOCKRAM
-----------

+-------------------+------+-------+-----------+-------+
|     Site Type     | Used | Fixed | Available | Util% |
+-------------------+------+-------+-----------+-------+
| Block RAM Tile    |    4 |     0 |       312 |  1.28 |
|   RAMB36/FIFO*    |    4 |     0 |       312 |  1.28 |
|     RAMB36E2 only |    4 |       |           |       |
|   RAMB18          |    0 |     0 |       624 |  0.00 |
| URAM              |    0 |     0 |        96 |  0.00 |
+-------------------+------+-------+-----------+-------+
* Note: Each Block RAM Tile only has one FIFO logic available and therefore can accommodate only one FIFO36E2 or one FIFO18E2. However, if a FIFO18E2 occupies a Block RAM Tile, that tile can still accommodate a RAMB18E2


4. ARITHMETIC
-------------

+-----------+------+-------+-----------+-------+
| Site Type | Used | Fixed | Available | Util% |
+-----------+------+-------+-----------+-------+
| DSPs      |    0 |     0 |      1728 |  0.00 |
+-----------+------+-------+-----------+-------+


5. I/O
------

+------------------+------+-------+-----------+-------+
|     Site Type    | Used | Fixed | Available | Util% |
+------------------+------+-------+-----------+-------+
| Bonded IOB       |  135 |     0 |       360 | 37.50 |
| HPIOB_M          |   56 |     0 |       144 | 38.89 |
|   INPUT          |   20 |       |           |       |
|   OUTPUT         |   36 |       |           |       |
|   BIDIR          |    0 |       |           |       |
| HPIOB_S          |   55 |     0 |       144 | 38.19 |
|   INPUT          |   19 |       |           |       |
|   OUTPUT         |   36 |       |           |       |
|   BIDIR          |    0 |       |           |       |
| HDIOB_M          |   12 |     0 |        24 | 50.00 |
|   INPUT          |    1 |       |           |       |
|   OUTPUT         |   11 |       |           |       |
|   BIDIR          |    0 |       |           |       |
| HDIOB_S          |   12 |     0 |        24 | 50.00 |
|   INPUT          |    0 |       |           |       |
|   OUTPUT         |   12 |       |           |       |
|   BIDIR          |    0 |       |           |       |
| HPIOB_SNGL       |    0 |     0 |        24 |  0.00 |
| HPIOBDIFFINBUF   |    0 |     0 |       192 |  0.00 |
| HPIOBDIFFOUTBUF  |    0 |     0 |       192 |  0.00 |
| HDIOBDIFFINBUF   |    0 |     0 |        48 |  0.00 |
| BITSLICE_CONTROL |    0 |     0 |        64 |  0.00 |
| BITSLICE_RX_TX   |    0 |     0 |       416 |  0.00 |
| BITSLICE_TX      |    0 |     0 |        64 |  0.00 |
| RIU_OR           |    0 |     0 |        32 |  0.00 |
+------------------+------+-------+-----------+-------+


6. CLOCK
--------

+----------------------+------+-------+-----------+-------+
|       Site Type      | Used | Fixed | Available | Util% |
+----------------------+------+-------+-----------+-------+
| GLOBAL CLOCK BUFFERs |    2 |     0 |       544 |  0.37 |
|   BUFGCE             |    2 |     0 |       208 |  0.96 |
|   BUFGCE_DIV         |    0 |     0 |        32 |  0.00 |
|   BUFG_GT            |    0 |     0 |       144 |  0.00 |
|   BUFG_PS            |    0 |     0 |        96 |  0.00 |
|   BUFGCTRL*          |    0 |     0 |        64 |  0.00 |
| PLL                  |    0 |     0 |        16 |  0.00 |
| MMCM                 |    0 |     0 |         8 |  0.00 |
+----------------------+------+-------+-----------+-------+
* Note: Each used BUFGCTRL counts as two GLOBAL CLOCK BUFFERs. This table does not include global clocking resources, only buffer cell usage. See the Clock Utilization Report (report_clock_utilization) for detailed accounting of global clocking resource availability.


7. ADVANCED
-----------

+-----------------+------+-------+-----------+-------+
|    Site Type    | Used | Fixed | Available | Util% |
+-----------------+------+-------+-----------+-------+
| GTHE4_CHANNEL   |    0 |     0 |        20 |  0.00 |
| GTHE4_COMMON    |    0 |     0 |         5 |  0.00 |
| OBUFDS_GTE4     |    0 |     0 |        10 |  0.00 |
| OBUFDS_GTE4_ADV |    0 |     0 |        10 |  0.00 |
| PCIE40E4        |    0 |     0 |         2 |  0.00 |
| PS8             |    0 |     0 |         1 |  0.00 |
| SYSMONE4        |    0 |     0 |         1 |  0.00 |
| VCU             |    0 |     0 |         1 |  0.00 |
+-----------------+------+-------+-----------+-------+


8. CONFIGURATION
----------------

+-------------+------+-------+-----------+-------+
|  Site Type  | Used | Fixed | Available | Util% |
+-------------+------+-------+-----------+-------+
| BSCANE2     |    0 |     0 |         4 |  0.00 |
| DNA_PORTE2  |    0 |     0 |         1 |  0.00 |
| EFUSE_USR   |    0 |     0 |         1 |  0.00 |
| FRAME_ECCE4 |    0 |     0 |         1 |  0.00 |
| ICAPE3      |    0 |     0 |         2 |  0.00 |
| MASTER_JTAG |    0 |     0 |         1 |  0.00 |
| STARTUPE3   |    0 |     0 |         1 |  0.00 |
+-------------+------+-------+-----------+-------+


9. Primitives
-------------

+----------+------+---------------------+
| Ref Name | Used | Functional Category |
+----------+------+---------------------+
| FDRE     |  388 |            Register |
| LUT2     |  108 |                 CLB |
| OBUF     |   95 |                 I/O |
| LUT6     |   67 |                 CLB |
| LUT5     |   49 |                 CLB |
| LUT4     |   42 |                 CLB |
| INBUF    |   40 |                 I/O |
| IBUFCTRL |   40 |              Others |
| LUT3     |   26 |                 CLB |
| CARRY8   |   11 |                 CLB |
| FDSE     |    8 |            Register |
| LUT1     |    7 |                 CLB |
| RAMB36E2 |    4 |           Block Ram |
| BUFGCE   |    2 |               Clock |
+----------+------+---------------------+


10. Black Boxes
---------------

+----------+------+
| Ref Name | Used |
+----------+------+


11. Instantiated Netlists
-------------------------

+---------------+------+
|    Ref Name   | Used |
+---------------+------+
| axis_fifo_out |    1 |
+---------------+------+


